<?xml version="1.0" encoding="UTF-8"?>
<testsuite name="org.pixel.ext.ecs.GameObjectTest" tests="4" skipped="0" failures="0" errors="0" timestamp="2022-03-21T12:28:29" hostname="nunoa-manjaro" time="0.4">
  <properties/>
  <testcase name="getChildTest()" classname="org.pixel.ext.ecs.GameObjectTest" time="0.39"/>
  <testcase name="getComponentTest()" classname="org.pixel.ext.ecs.GameObjectTest" time="0.002"/>
  <testcase name="getComponentRecursiveTest()" classname="org.pixel.ext.ecs.GameObjectTest" time="0.004"/>
  <testcase name="getChildRecursiveTest()" classname="org.pixel.ext.ecs.GameObjectTest" time="0.003"/>
  <system-out><![CDATA[]]></system-out>
  <system-err><![CDATA[]]></system-err>
</testsuite>
