<?xml version="1.0" encoding="UTF-8"?>
<testsuite name="org.pixel.ext.log4j.Log4j2LoggerTest" tests="1" skipped="0" failures="0" errors="0" timestamp="2022-03-21T12:28:36" hostname="nunoa-manjaro" time="0.3">
  <properties/>
  <testcase name="testLoggerInstanceType()" classname="org.pixel.ext.log4j.Log4j2LoggerTest" time="0.3"/>
  <system-out><![CDATA[]]></system-out>
  <system-err><![CDATA[]]></system-err>
</testsuite>
