<?xml version="1.0" encoding="UTF-8"?>
<testsuite name="org.pixel.physics.CollisionTest" tests="1" skipped="0" failures="0" errors="0" timestamp="2022-03-21T12:28:38" hostname="nunoa-manjaro" time="0.024">
  <properties/>
  <testcase name="circleCollision()" classname="org.pixel.physics.CollisionTest" time="0.024"/>
  <system-out><![CDATA[]]></system-out>
  <system-err><![CDATA[]]></system-err>
</testsuite>
