<?xml version="1.0" encoding="UTF-8"?>
<testsuite name="org.pixel.ext.tiled.content.importer.LayerGroupCollectorTest" tests="1" skipped="0" failures="0" errors="0" timestamp="2022-03-22T10:39:45" hostname="nunoa-manjaro" time="0.005">
  <properties/>
  <testcase name="processCase1()" classname="org.pixel.ext.tiled.content.importer.LayerGroupCollectorTest" time="0.005"/>
  <system-out><![CDATA[]]></system-out>
  <system-err><![CDATA[]]></system-err>
</testsuite>
