<?xml version="1.0" encoding="UTF-8"?>
<testsuite name="org.pixel.ext.tiled.content.TileLayerTest" tests="1" skipped="0" failures="0" errors="0" timestamp="2022-03-22T10:39:45" hostname="nunoa-manjaro" time="0.533">
  <properties/>
  <testcase name="draw()" classname="org.pixel.ext.tiled.content.TileLayerTest" time="0.533"/>
  <system-out><![CDATA[]]></system-out>
  <system-err><![CDATA[]]></system-err>
</testsuite>
