<?xml version="1.0" encoding="UTF-8"?>
<testsuite name="org.pixel.ext.tiled.view.TiledImageLayerViewTest" tests="2" skipped="0" failures="0" errors="0" timestamp="2022-03-22T10:39:46" hostname="nunoa-manjaro" time="0.008">
  <properties/>
  <testcase name="drawOutside()" classname="org.pixel.ext.tiled.view.TiledImageLayerViewTest" time="0.005"/>
  <testcase name="draw()" classname="org.pixel.ext.tiled.view.TiledImageLayerViewTest" time="0.002"/>
  <system-out><![CDATA[]]></system-out>
  <system-err><![CDATA[]]></system-err>
</testsuite>
