<?xml version="1.0" encoding="UTF-8"?>
<testsuite name="org.pixel.ext.tiled.view.TileLayerViewTest" tests="4" skipped="0" failures="0" errors="0" timestamp="2022-03-22T10:39:46" hostname="nunoa-manjaro" time="0.05">
  <properties/>
  <testcase name="drawOutside()" classname="org.pixel.ext.tiled.view.TileLayerViewTest" time="0.011"/>
  <testcase name="drawRotations()" classname="org.pixel.ext.tiled.view.TileLayerViewTest" time="0.016"/>
  <testcase name="drawCase2()" classname="org.pixel.ext.tiled.view.TileLayerViewTest" time="0.012"/>
  <testcase name="drawCase4()" classname="org.pixel.ext.tiled.view.TileLayerViewTest" time="0.01"/>
  <system-out><![CDATA[]]></system-out>
  <system-err><![CDATA[]]></system-err>
</testsuite>
