<?xml version="1.0" encoding="UTF-8"?>
<testsuite name="org.pixel.ext.tiled.content.importer.TileMapImporterSettingsTest" tests="1" skipped="0" failures="0" errors="0" timestamp="2022-03-22T10:39:45" hostname="nunoa-manjaro" time="0.009">
  <properties/>
  <testcase name="constructor()" classname="org.pixel.ext.tiled.content.importer.TileMapImporterSettingsTest" time="0.009"/>
  <system-out><![CDATA[]]></system-out>
  <system-err><![CDATA[]]></system-err>
</testsuite>
