<?xml version="1.0" encoding="UTF-8"?>
<testsuite name="org.pixel.ext.tiled.content.importer.TopDownObjectOrderStrategyTest" tests="1" skipped="0" failures="0" errors="0" timestamp="2022-03-22T10:39:46" hostname="nunoa-manjaro" time="0.041">
  <properties/>
  <testcase name="getMap()" classname="org.pixel.ext.tiled.content.importer.TopDownObjectOrderStrategyTest" time="0.041"/>
  <system-out><![CDATA[]]></system-out>
  <system-err><![CDATA[]]></system-err>
</testsuite>
