<?xml version="1.0" encoding="UTF-8"?>
<testsuite name="org.pixel.ext.tiled.content.importer.TileSetImporterTest" tests="4" skipped="0" failures="0" errors="0" timestamp="2022-03-22T10:39:46" hostname="nunoa-manjaro" time="0.024">
  <properties/>
  <testcase name="failTexture()" classname="org.pixel.ext.tiled.content.importer.TileSetImporterTest" time="0.004"/>
  <testcase name="importerSettings()" classname="org.pixel.ext.tiled.content.importer.TileSetImporterTest" time="0.009"/>
  <testcase name="processCase2Isolated()" classname="org.pixel.ext.tiled.content.importer.TileSetImporterTest" time="0.004"/>
  <testcase name="processCase1Isolated()" classname="org.pixel.ext.tiled.content.importer.TileSetImporterTest" time="0.004"/>
  <system-out><![CDATA[ERROR|TileSetImporter|Something went wrong processing the Tile Set texture image.
]]></system-out>
  <system-err><![CDATA[]]></system-err>
</testsuite>
